<?xml version="1.0" encoding="UTF-8"?>
<testsuite xmlns:xsi="http://www.w3.org/2001/XMLSchema-instance" xsi:noNamespaceSchemaLocation="https://maven.apache.org/surefire/maven-surefire-plugin/xsd/surefire-test-report.xsd" name="pl.edu.pw.ee.LongestCommonSubsequenceTest" time="0.05" tests="17" errors="0" skipped="0" failures="0">
  <properties>
    <property name="java.specification.version" value="19"/>
    <property name="sun.cpu.isalist" value="amd64"/>
    <property name="sun.jnu.encoding" value="Cp1250"/>
    <property name="java.class.path" value="C:\Users\Krystian\IdeaProjects\2022Z_AISD_git_lab_GR5___gr133\aisd_lab_9_longest_common_subsequence\target\test-classes;C:\Users\Krystian\IdeaProjects\2022Z_AISD_git_lab_GR5___gr133\aisd_lab_9_longest_common_subsequence\target\classes;C:\Users\Krystian\.m2\repository\org\junit\jupiter\junit-jupiter\5.8.1\junit-jupiter-5.8.1.jar;C:\Users\Krystian\.m2\repository\org\junit\jupiter\junit-jupiter-api\5.8.1\junit-jupiter-api-5.8.1.jar;C:\Users\Krystian\.m2\repository\org\opentest4j\opentest4j\1.2.0\opentest4j-1.2.0.jar;C:\Users\Krystian\.m2\repository\org\junit\platform\junit-platform-commons\1.8.1\junit-platform-commons-1.8.1.jar;C:\Users\Krystian\.m2\repository\org\junit\jupiter\junit-jupiter-params\5.8.1\junit-jupiter-params-5.8.1.jar;C:\Users\Krystian\.m2\repository\org\junit\jupiter\junit-jupiter-engine\5.8.1\junit-jupiter-engine-5.8.1.jar;C:\Users\Krystian\.m2\repository\org\junit\vintage\junit-vintage-engine\5.8.1\junit-vintage-engine-5.8.1.jar;C:\Users\Krystian\.m2\repository\org\junit\platform\junit-platform-engine\1.8.1\junit-platform-engine-1.8.1.jar;C:\Users\Krystian\.m2\repository\junit\junit\4.13.2\junit-4.13.2.jar;C:\Users\Krystian\.m2\repository\org\hamcrest\hamcrest-core\1.3\hamcrest-core-1.3.jar;C:\Users\Krystian\.m2\repository\org\apiguardian\apiguardian-api\1.1.2\apiguardian-api-1.1.2.jar;C:\Users\Krystian\.m2\repository\org\assertj\assertj-core\3.11.1\assertj-core-3.11.1.jar;C:\Users\Krystian\.m2\repository\org\mockito\mockito-core\4.0.0\mockito-core-4.0.0.jar;C:\Users\Krystian\.m2\repository\net\bytebuddy\byte-buddy\1.11.19\byte-buddy-1.11.19.jar;C:\Users\Krystian\.m2\repository\net\bytebuddy\byte-buddy-agent\1.11.19\byte-buddy-agent-1.11.19.jar;C:\Users\Krystian\.m2\repository\org\objenesis\objenesis\3.2\objenesis-3.2.jar;"/>
    <property name="java.vm.vendor" value="Oracle Corporation"/>
    <property name="sun.arch.data.model" value="64"/>
    <property name="user.variant" value=""/>
    <property name="java.vendor.url" value="https://java.oracle.com/"/>
    <property name="user.timezone" value="Europe/Warsaw"/>
    <property name="os.name" value="Windows 10"/>
    <property name="java.vm.specification.version" value="19"/>
    <property name="user.country" value="PL"/>
    <property name="sun.java.launcher" value="SUN_STANDARD"/>
    <property name="sun.boot.library.path" value="C:\Program Files\Java\jdk-19\bin"/>
    <property name="sun.java.command" value="C:\Users\Krystian\AppData\Local\Temp\surefire7914926686193475682\surefirebooter1870985797296226673.jar C:\Users\Krystian\AppData\Local\Temp\surefire7914926686193475682 2023-01-02T22-27-11_391-jvmRun1 surefire15788303737312259739tmp surefire_014413402477422456782tmp"/>
    <property name="jdk.debug" value="release"/>
    <property name="surefire.test.class.path" value="C:\Users\Krystian\IdeaProjects\2022Z_AISD_git_lab_GR5___gr133\aisd_lab_9_longest_common_subsequence\target\test-classes;C:\Users\Krystian\IdeaProjects\2022Z_AISD_git_lab_GR5___gr133\aisd_lab_9_longest_common_subsequence\target\classes;C:\Users\Krystian\.m2\repository\org\junit\jupiter\junit-jupiter\5.8.1\junit-jupiter-5.8.1.jar;C:\Users\Krystian\.m2\repository\org\junit\jupiter\junit-jupiter-api\5.8.1\junit-jupiter-api-5.8.1.jar;C:\Users\Krystian\.m2\repository\org\opentest4j\opentest4j\1.2.0\opentest4j-1.2.0.jar;C:\Users\Krystian\.m2\repository\org\junit\platform\junit-platform-commons\1.8.1\junit-platform-commons-1.8.1.jar;C:\Users\Krystian\.m2\repository\org\junit\jupiter\junit-jupiter-params\5.8.1\junit-jupiter-params-5.8.1.jar;C:\Users\Krystian\.m2\repository\org\junit\jupiter\junit-jupiter-engine\5.8.1\junit-jupiter-engine-5.8.1.jar;C:\Users\Krystian\.m2\repository\org\junit\vintage\junit-vintage-engine\5.8.1\junit-vintage-engine-5.8.1.jar;C:\Users\Krystian\.m2\repository\org\junit\platform\junit-platform-engine\1.8.1\junit-platform-engine-1.8.1.jar;C:\Users\Krystian\.m2\repository\junit\junit\4.13.2\junit-4.13.2.jar;C:\Users\Krystian\.m2\repository\org\hamcrest\hamcrest-core\1.3\hamcrest-core-1.3.jar;C:\Users\Krystian\.m2\repository\org\apiguardian\apiguardian-api\1.1.2\apiguardian-api-1.1.2.jar;C:\Users\Krystian\.m2\repository\org\assertj\assertj-core\3.11.1\assertj-core-3.11.1.jar;C:\Users\Krystian\.m2\repository\org\mockito\mockito-core\4.0.0\mockito-core-4.0.0.jar;C:\Users\Krystian\.m2\repository\net\bytebuddy\byte-buddy\1.11.19\byte-buddy-1.11.19.jar;C:\Users\Krystian\.m2\repository\net\bytebuddy\byte-buddy-agent\1.11.19\byte-buddy-agent-1.11.19.jar;C:\Users\Krystian\.m2\repository\org\objenesis\objenesis\3.2\objenesis-3.2.jar;"/>
    <property name="sun.cpu.endian" value="little"/>
    <property name="user.home" value="C:\Users\Krystian"/>
    <property name="user.language" value="pl"/>
    <property name="java.specification.vendor" value="Oracle Corporation"/>
    <property name="java.version.date" value="2022-10-18"/>
    <property name="java.home" value="C:\Program Files\Java\jdk-19"/>
    <property name="file.separator" value="\"/>
    <property name="basedir" value="C:\Users\Krystian\IdeaProjects\2022Z_AISD_git_lab_GR5___gr133\aisd_lab_9_longest_common_subsequence"/>
    <property name="java.vm.compressedOopsMode" value="Zero based"/>
    <property name="line.separator" value="&#10;"/>
    <property name="java.vm.specification.vendor" value="Oracle Corporation"/>
    <property name="java.specification.name" value="Java Platform API Specification"/>
    <property name="surefire.real.class.path" value="C:\Users\Krystian\AppData\Local\Temp\surefire7914926686193475682\surefirebooter1870985797296226673.jar"/>
    <property name="user.script" value=""/>
    <property name="sun.management.compiler" value="HotSpot 64-Bit Tiered Compilers"/>
    <property name="java.runtime.version" value="19.0.1+10-21"/>
    <property name="user.name" value="Krystian"/>
    <property name="stdout.encoding" value="Cp1250"/>
    <property name="path.separator" value=";"/>
    <property name="os.version" value="10.0"/>
    <property name="java.runtime.name" value="Java(TM) SE Runtime Environment"/>
    <property name="file.encoding" value="UTF-8"/>
    <property name="java.vm.name" value="Java HotSpot(TM) 64-Bit Server VM"/>
    <property name="maven.ext.class.path" value="C:\Program Files\NetBeans-15\netbeans\java\maven-nblib\netbeans-eventspy.jar"/>
    <property name="localRepository" value="C:\Users\Krystian\.m2\repository"/>
    <property name="java.vendor.url.bug" value="https://bugreport.java.com/bugreport/"/>
    <property name="java.io.tmpdir" value="C:\Users\Krystian\AppData\Local\Temp\"/>
    <property name="java.version" value="19.0.1"/>
    <property name="user.dir" value="C:\Users\Krystian\IdeaProjects\2022Z_AISD_git_lab_GR5___gr133\aisd_lab_9_longest_common_subsequence"/>
    <property name="os.arch" value="amd64"/>
    <property name="java.vm.specification.name" value="Java Virtual Machine Specification"/>
    <property name="sun.os.patch.level" value=""/>
    <property name="native.encoding" value="Cp1250"/>
    <property name="java.library.path" value="C:\Program Files\Java\jdk-19\bin;C:\Windows\Sun\Java\bin;C:\Windows\system32;C:\Windows;C:\Program Files\Common Files\Oracle\Java\javapath;C:\Windows\system32;C:\Windows;C:\Windows\System32\Wbem;C:\Windows\System32\WindowsPowerShell\v1.0\;C:\Windows\System32\OpenSSH\;C:\Program Files (x86)\NVIDIA Corporation\PhysX\Common;C:\Program Files\Microsoft SQL Server\110\DTS\Binn\;C:\Program Files (x86)\Microsoft SQL Server\110\Tools\Binn\;C:\Program Files\Microsoft SQL Server\110\Tools\Binn\;C:\Program Files (x86)\Microsoft SQL Server\110\Tools\Binn\ManagementStudio\;C:\Program Files (x86)\Microsoft Visual Studio 10.0\Common7\IDE\PrivateAssemblies\;C:\Program Files (x86)\Microsoft SQL Server\110\DTS\Binn\;C:\Users\Krystian\.jdks\openjdk-17.0.2-1\bin;C:\Program Files\Git\cmd;C:\Program Files\Git\mingw64\bin;C:\Program Files\Git\usr\bin;C:\Program Files\dotnet\;C:\Program Files\NVIDIA Corporation\NVIDIA NvDLISR;C:\Program Files\Java\jdk-19\bin;C:\Users\Krystian\AppData\Local\Microsoft\WindowsApps;C:\Users\Krystian\AppData\Local\GitHubDesktop\bin;C:\Program Files\JetBrains\IntelliJ IDEA Community Edition 2021.3.3\bin;;."/>
    <property name="java.vm.info" value="mixed mode, sharing"/>
    <property name="stderr.encoding" value="Cp1250"/>
    <property name="java.vendor" value="Oracle Corporation"/>
    <property name="java.vm.version" value="19.0.1+10-21"/>
    <property name="sun.io.unicode.encoding" value="UnicodeLittle"/>
    <property name="java.class.version" value="63.0"/>
  </properties>
  <testcase name="should_CorrectlyFind_WhenAverageStrings_FindLCSMethod" classname="pl.edu.pw.ee.LongestCommonSubsequenceTest" time="0.006"/>
  <testcase name="should_CorrectlyFindLCS_WhenSpecialSignsInColumn_FindLCSMethod" classname="pl.edu.pw.ee.LongestCommonSubsequenceTest" time="0.009"/>
  <testcase name="should_ReturnEmptyString_WhenOneOfTheStringsIsNull_FindLCSMethod" classname="pl.edu.pw.ee.LongestCommonSubsequenceTest" time="0"/>
  <testcase name="should_CorrectlyPrintDisplay_WhenEmptyString_DisplayMethod" classname="pl.edu.pw.ee.LongestCommonSubsequenceTest" time="0"/>
  <testcase name="should_CorrectlyFindLCS_WhenStringsAreLong_FindLCSMethod" classname="pl.edu.pw.ee.LongestCommonSubsequenceTest" time="0.025"/>
  <testcase name="should_CorrectlyFindLCS_WhenSpecialSignsInRow_FindLCSMethod" classname="pl.edu.pw.ee.LongestCommonSubsequenceTest" time="0.001"/>
  <testcase name="should_CorrectlyFindLCS_WhenSpaceIncluded_FindLCSMethod" classname="pl.edu.pw.ee.LongestCommonSubsequenceTest" time="0.001"/>
  <testcase name="should_CorrectlyFindLCS_WhenStringsDontHaveCommon_FindLCSMethod" classname="pl.edu.pw.ee.LongestCommonSubsequenceTest" time="0"/>
  <testcase name="should_CorrectlyFindLCS_WhenOneLetterString_Differ_FindLCSMethod" classname="pl.edu.pw.ee.LongestCommonSubsequenceTest" time="0"/>
  <testcase name="should_DoNothing_WhenStringIsNull_DisplayMethod" classname="pl.edu.pw.ee.LongestCommonSubsequenceTest" time="0.001"/>
  <testcase name="should_CorrectlyPrintDisplay_WhenAverageStrings_DisplayMethod" classname="pl.edu.pw.ee.LongestCommonSubsequenceTest" time="0"/>
  <testcase name="should_CorrectlyFindLCS_WhenOneLetterString_TheSame_FindLCSMethod" classname="pl.edu.pw.ee.LongestCommonSubsequenceTest" time="0"/>
  <testcase name="should_DoNotThrowErrorOrException_WhenStringIsEmpty_DisplayMethod" classname="pl.edu.pw.ee.LongestCommonSubsequenceTest" time="0"/>
  <testcase name="should_ThrowException_WhenDisplayUsedBefore_DisplayMethod" classname="pl.edu.pw.ee.LongestCommonSubsequenceTest" time="0.001"/>
  <testcase name="should_DoNotThrowErrorOrException_WhenBothStringsAreEmpty_DisplayMethod" classname="pl.edu.pw.ee.LongestCommonSubsequenceTest" time="0"/>
  <testcase name="should_CorrectlyFindLCS_WhenTheSameStrings_FindLCSMethod" classname="pl.edu.pw.ee.LongestCommonSubsequenceTest" time="0.001"/>
  <testcase name="should_CorrectlyFindLCS_WhenOnlySpecialSigns_FindLCSMethod" classname="pl.edu.pw.ee.LongestCommonSubsequenceTest" time="0.001"/>
</testsuite>